<?xml version="1.0" encoding="UTF-8"?>
<testsuite name="repository.ClientDatabaseRepositoryTest" tests="6" skipped="0" failures="0" errors="0" timestamp="2020-03-07T16:03:57" hostname="RAZVAN" time="0.228">
  <properties/>
  <testcase name="updateString()" classname="repository.ClientDatabaseRepositoryTest" time="0.163"/>
  <testcase name="readEntity()" classname="repository.ClientDatabaseRepositoryTest" time="0.001"/>
  <testcase name="deleteString()" classname="repository.ClientDatabaseRepositoryTest" time="0.04"/>
  <testcase name="findAllString()" classname="repository.ClientDatabaseRepositoryTest" time="0.007"/>
  <testcase name="insertString()" classname="repository.ClientDatabaseRepositoryTest" time="0.004"/>
  <testcase name="findOneString()" classname="repository.ClientDatabaseRepositoryTest" time="0.003"/>
  <system-out><![CDATA[Client{id=1,name='ION}
Client{id=2,name='MARCEL}
Client{id=3,name='maria}
]]></system-out>
  <system-err><![CDATA[]]></system-err>
</testsuite>
